<?xml version="1.0" encoding="UTF-8"?>
<testng-results ignored="0" total="1" passed="1" failed="0" skipped="0">
  <reporter-output>
  </reporter-output>
  <suite started-at="2021-02-07T22:46:01 EST" name="Default suite" finished-at="2021-02-07T22:46:07 EST" duration-ms="5948">
    <groups>
    </groups>
    <test started-at="2021-02-07T22:46:01 EST" name="Default test" finished-at="2021-02-07T22:46:07 EST" duration-ms="5948">
      <class name="tests.HRM_Login_Test">
        <test-method is-config="true" signature="setup()[pri:0, instance:tests.HRM_Login_Test@7c1e2a9e]" started-at="2021-02-07T22:46:01 EST" name="setup" finished-at="2021-02-07T22:46:05 EST" duration-ms="4078" status="PASS">
          <reporter-output>
          </reporter-output>
        </test-method> <!-- setup -->
        <test-method signature="loginTest()[pri:0, instance:tests.HRM_Login_Test@7c1e2a9e]" started-at="2021-02-07T22:46:05 EST" name="loginTest" finished-at="2021-02-07T22:46:06 EST" duration-ms="1232" status="PASS">
          <reporter-output>
          </reporter-output>
        </test-method> <!-- loginTest -->
        <test-method is-config="true" signature="tearDown()[pri:0, instance:tests.HRM_Login_Test@7c1e2a9e]" started-at="2021-02-07T22:46:06 EST" name="tearDown" finished-at="2021-02-07T22:46:07 EST" duration-ms="603" status="PASS">
          <reporter-output>
          </reporter-output>
        </test-method> <!-- tearDown -->
      </class> <!-- tests.HRM_Login_Test -->
    </test> <!-- Default test -->
  </suite> <!-- Default suite -->
</testng-results>
