<?xml version="1.0" encoding="UTF-8"?>
<testng-results skipped="0" failed="0" ignored="0" total="1" passed="1">
  <reporter-output>
  </reporter-output>
  <suite name="Default suite" duration-ms="8195" started-at="2021-02-07T21:24:01 EST" finished-at="2021-02-07T21:24:09 EST">
    <groups>
    </groups>
    <test name="Default test" duration-ms="8195" started-at="2021-02-07T21:24:01 EST" finished-at="2021-02-07T21:24:09 EST">
      <class name="tests.HRM_Login_Test">
        <test-method status="PASS" signature="setup()[pri:0, instance:tests.HRM_Login_Test@71bbf57e]" name="setup" is-config="true" duration-ms="6186" started-at="2021-02-07T21:24:01 EST" finished-at="2021-02-07T21:24:07 EST">
          <reporter-output>
          </reporter-output>
        </test-method> <!-- setup -->
        <test-method status="PASS" signature="loginTest()[pri:0, instance:tests.HRM_Login_Test@71bbf57e]" name="loginTest" duration-ms="1347" started-at="2021-02-07T21:24:07 EST" finished-at="2021-02-07T21:24:08 EST">
          <reporter-output>
          </reporter-output>
        </test-method> <!-- loginTest -->
        <test-method status="PASS" signature="tearDown()[pri:0, instance:tests.HRM_Login_Test@71bbf57e]" name="tearDown" is-config="true" duration-ms="626" started-at="2021-02-07T21:24:08 EST" finished-at="2021-02-07T21:24:09 EST">
          <reporter-output>
          </reporter-output>
        </test-method> <!-- tearDown -->
      </class> <!-- tests.HRM_Login_Test -->
    </test> <!-- Default test -->
  </suite> <!-- Default suite -->
</testng-results>
